(node:4787) ExperimentalWarning: CommonJS module /opt/homebrew/lib/node_modules/npm/node_modules/debug/src/node.js is loading ES Module /opt/homebrew/lib/node_modules/npm/node_modules/supports-color/index.js using require().
Support for loading ES Module in require() is an experimental feature and might change at any time
(Use `node --trace-warnings ...` to show where the warning was created)
npm error code ERESOLVE
npm error ERESOLVE unable to resolve dependency tree
npm error
npm error While resolving: mathilde-signol@0.1.0
npm error Found: next@15.0.2
npm error node_modules/next
npm error   next@"15.0.2" from the root project
npm error
npm error Could not resolve dependency:
npm error peer next@"^13.5.0 || ^14.0.0" from @storybook/nextjs@8.4.2
npm error node_modules/@storybook/nextjs
npm error   dev @storybook/nextjs@"^8.4.2" from the root project
npm error
npm error Fix the upstream dependency conflict, or retry
npm error this command with --force or --legacy-peer-deps
npm error to accept an incorrect (and potentially broken) dependency resolution.
npm error
npm error
npm error For a full report see:
npm error /Users/mathildesignol/.npm/_logs/2024-11-07T09_07_38_696Z-eresolve-report.txt
npm error A complete log of this run can be found in: /Users/mathildesignol/.npm/_logs/2024-11-07T09_07_38_696Z-debug-0.log
